<?xml version="1.0" encoding="UTF-8"?>
<testsuites name="Mocha Tests" time="17.560000000000002" tests="5" failures="1">
  <testsuite name="Root Suite" timestamp="2019-11-10T02:22:59" tests="0" failures="0" time="0">
  </testsuite>
  <testsuite name="Test the boilerplate" timestamp="2019-11-10T02:22:59" tests="5" failures="1" time="17.560000000000002">
    <testcase name="Test the boilerplate User can login and see the app welcome page" time="5.988" classname="User can login and see the app welcome page">
    </testcase>
    <testcase name="Test the boilerplate Logging out a user requires re-login" time="4.682" classname="Logging out a user requires re-login">
    </testcase>
    <testcase name="Test the boilerplate Unauthenticated user is redirected back to the login page" time="0.988" classname="Unauthenticated user is redirected back to the login page">
    </testcase>
    <testcase name="Test the boilerplate View a list of random dogs" time="5.902" classname="View a list of random dogs">
    </testcase>
    <testcase name="Test the boilerplate Fail on purpose" time="0" classname="Fail on purpose">
      <failure message="Unspecified AssertionError" type="AssertionError"><![CDATA[AssertionError: Unspecified AssertionError
    at fn (http://localhost:3000/__cypress/runner/cypress_runner.js:85871:19)
    at Context.runnable.fn (http://localhost:3000/__cypress/runner/cypress_runner.js:100724:20)
    at callFn (http://localhost:3000/__cypress/runner/cypress_runner.js:30931:21)
    at http://localhost:3000/__cypress/runner/cypress_runner.js:103593:28
    at PassThroughHandlerContext.finallyHandler (http://localhost:3000/__cypress/runner/cypress_runner.js:135418:23)
    at PassThroughHandlerContext.tryCatcher (http://localhost:3000/__cypress/runner/cypress_runner.js:138863:23)
    at Promise._settlePromiseFromHandler (http://localhost:3000/__cypress/runner/cypress_runner.js:136799:31)
    at Promise._settlePromise (http://localhost:3000/__cypress/runner/cypress_runner.js:136856:18)
    at Promise._settlePromise0 (http://localhost:3000/__cypress/runner/cypress_runner.js:136901:10)
    at Promise._settlePromises (http://localhost:3000/__cypress/runner/cypress_runner.js:136980:18)
    at Async../node_modules/bluebird/js/release/async.js.Async._drainQueue (http://localhost:3000/__cypress/runner/cypress_runner.js:133588:16)
    at Async../node_modules/bluebird/js/release/async.js.Async._drainQueues (http://localhost:3000/__cypress/runner/cypress_runner.js:133598:10)
    at Async.drainQueues (http://localhost:3000/__cypress/runner/cypress_runner.js:133472:14)]]></failure>
    </testcase>
  </testsuite>
</testsuites>